# JRE version: OpenJDK Runtime Environment (23.0.1+11) (build 23.0.1+11-39)
# Java VM: OpenJDK 64-Bit Server VM (23.0.1+11-39, mixed mode, sharing, tiered, compressed oops, compressed class ptrs, g1 gc, bsd-aarch64)
Heap:
 garbage-first heap   total reserved 2097152K, committed 133120K, used 23256K [0x0000000780000000, 0x0000000800000000)
  region size 1024K, 10 young (10240K), 1 survivors (1024K)
 Metaspace       used 8953K, committed 9216K, reserved 1114112K
  class space    used 972K, committed 1088K, reserved 1048576K
GC Heap History (20 events):
Event: 508.334 GC heap before
{Heap before GC invocations=14 (full 0):
 garbage-first heap   total reserved 2097152K, committed 133120K, used 90802K [0x0000000780000000, 0x0000000800000000)
  region size 1024K, 76 young (77824K), 1 survivors (1024K)
 Metaspace       used 8953K, committed 9216K, reserved 1114112K
  class space    used 972K, committed 1088K, reserved 1048576K
}
Event: 508.335 GC heap after
{Heap after GC invocations=15 (full 0):
 garbage-first heap   total reserved 2097152K, committed 133120K, used 14006K [0x0000000780000000, 0x0000000800000000)
  region size 1024K, 1 young (1024K), 1 survivors (1024K)
 Metaspace       used 8953K, committed 9216K, reserved 1114112K
  class space    used 972K, committed 1088K, reserved 1048576K
}
Event: 547.751 GC heap before
{Heap before GC invocations=15 (full 0):
 garbage-first heap   total reserved 2097152K, committed 133120K, used 90806K [0x0000000780000000, 0x0000000800000000)
  region size 1024K, 76 young (77824K), 1 survivors (1024K)
 Metaspace       used 8953K, committed 9216K, reserved 1114112K
  class space    used 972K, committed 1088K, reserved 1048576K
}
Event: 547.753 GC heap after
{Heap after GC invocations=16 (full 0):
 garbage-first heap   total reserved 2097152K, committed 133120K, used 14004K [0x0000000780000000, 0x0000000800000000)
  region size 1024K, 1 young (1024K), 1 survivors (1024K)
 Metaspace       used 8953K, committed 9216K, reserved 1114112K
  class space    used 972K, committed 1088K, reserved 1048576K
}
Event: 588.001 GC heap before
{Heap before GC invocations=16 (full 0):
 garbage-first heap   total reserved 2097152K, committed 133120K, used 90804K [0x0000000780000000, 0x0000000800000000)
  region size 1024K, 76 young (77824K), 1 survivors (1024K)
 Metaspace       used 8953K, committed 9216K, reserved 1114112K
  class space    used 972K, committed 1088K, reserved 1048576K
}
Event: 588.002 GC heap after
{Heap after GC invocations=17 (full 0):
 garbage-first heap   total reserved 2097152K, committed 133120K, used 14010K [0x0000000780000000, 0x0000000800000000)
  region size 1024K, 1 young (1024K), 1 survivors (1024K)
 Metaspace       used 8953K, committed 9216K, reserved 1114112K
  class space    used 972K, committed 1088K, reserved 1048576K
}
Event: 627.301 GC heap before
{Heap before GC invocations=17 (full 0):
 garbage-first heap   total reserved 2097152K, committed 133120K, used 90810K [0x0000000780000000, 0x0000000800000000)
  region size 1024K, 76 young (77824K), 1 survivors (1024K)
 Metaspace       used 8953K, committed 9216K, reserved 1114112K
  class space    used 972K, committed 1088K, reserved 1048576K
}
Event: 627.302 GC heap after
{Heap after GC invocations=18 (full 0):
 garbage-first heap   total reserved 2097152K, committed 133120K, used 14014K [0x0000000780000000, 0x0000000800000000)
  region size 1024K, 1 young (1024K), 1 survivors (1024K)
 Metaspace       used 8953K, committed 9216K, reserved 1114112K
  class space    used 972K, committed 1088K, reserved 1048576K
}
Event: 666.501 GC heap before
{Heap before GC invocations=18 (full 0):
 garbage-first heap   total reserved 2097152K, committed 133120K, used 90814K [0x0000000780000000, 0x0000000800000000)
  region size 1024K, 76 young (77824K), 1 survivors (1024K)
 Metaspace       used 8953K, committed 9216K, reserved 1114112K
  class space    used 972K, committed 1088K, reserved 1048576K
}
Event: 666.502 GC heap after
{Heap after GC invocations=19 (full 0):
 garbage-first heap   total reserved 2097152K, committed 133120K, used 14022K [0x0000000780000000, 0x0000000800000000)
  region size 1024K, 1 young (1024K), 1 survivors (1024K)
 Metaspace       used 8953K, committed 9216K, reserved 1114112K
  class space    used 972K, committed 1088K, reserved 1048576K
}
Event: 705.851 GC heap before
{Heap before GC invocations=19 (full 0):
 garbage-first heap   total reserved 2097152K, committed 133120K, used 90822K [0x0000000780000000, 0x0000000800000000)
  region size 1024K, 76 young (77824K), 1 survivors (1024K)
 Metaspace       used 8953K, committed 9216K, reserved 1114112K
  class space    used 972K, committed 1088K, reserved 1048576K
}
Event: 705.854 GC heap after
{Heap after GC invocations=20 (full 0):
 garbage-first heap   total reserved 2097152K, committed 133120K, used 14028K [0x0000000780000000, 0x0000000800000000)
  region size 1024K, 1 young (1024K), 1 survivors (1024K)
 Metaspace       used 8953K, committed 9216K, reserved 1114112K
  class space    used 972K, committed 1088K, reserved 1048576K
}
Event: 744.701 GC heap before
{Heap before GC invocations=20 (full 0):
 garbage-first heap   total reserved 2097152K, committed 133120K, used 90828K [0x0000000780000000, 0x0000000800000000)
  region size 1024K, 76 young (77824K), 1 survivors (1024K)
 Metaspace       used 8953K, committed 9216K, reserved 1114112K
  class space    used 972K, committed 1088K, reserved 1048576K
}
Event: 744.702 GC heap after
{Heap after GC invocations=21 (full 0):
 garbage-first heap   total reserved 2097152K, committed 133120K, used 14028K [0x0000000780000000, 0x0000000800000000)
  region size 1024K, 1 young (1024K), 1 survivors (1024K)
 Metaspace       used 8953K, committed 9216K, reserved 1114112K
  class space    used 972K, committed 1088K, reserved 1048576K
}
Event: 783.784 GC heap before
{Heap before GC invocations=21 (full 0):
 garbage-first heap   total reserved 2097152K, committed 133120K, used 90828K [0x0000000780000000, 0x0000000800000000)
  region size 1024K, 76 young (77824K), 1 survivors (1024K)
 Metaspace       used 8953K, committed 9216K, reserved 1114112K
  class space    used 972K, committed 1088K, reserved 1048576K
}
Event: 783.785 GC heap after
{Heap after GC invocations=22 (full 0):
 garbage-first heap   total reserved 2097152K, committed 133120K, used 14036K [0x0000000780000000, 0x0000000800000000)
  region size 1024K, 1 young (1024K), 1 survivors (1024K)
 Metaspace       used 8953K, committed 9216K, reserved 1114112K
  class space    used 972K, committed 1088K, reserved 1048576K
}
Event: 822.751 GC heap before
{Heap before GC invocations=22 (full 0):
 garbage-first heap   total reserved 2097152K, committed 133120K, used 90836K [0x0000000780000000, 0x0000000800000000)
  region size 1024K, 76 young (77824K), 1 survivors (1024K)
 Metaspace       used 8953K, committed 9216K, reserved 1114112K
  class space    used 972K, committed 1088K, reserved 1048576K
}
Event: 822.751 GC heap after
{Heap after GC invocations=23 (full 0):
 garbage-first heap   total reserved 2097152K, committed 133120K, used 14034K [0x0000000780000000, 0x0000000800000000)
  region size 1024K, 1 young (1024K), 1 survivors (1024K)
 Metaspace       used 8953K, committed 9216K, reserved 1114112K
  class space    used 972K, committed 1088K, reserved 1048576K
}
Event: 862.034 GC heap before
{Heap before GC invocations=23 (full 0):
 garbage-first heap   total reserved 2097152K, committed 133120K, used 90834K [0x0000000780000000, 0x0000000800000000)
  region size 1024K, 76 young (77824K), 1 survivors (1024K)
 Metaspace       used 8953K, committed 9216K, reserved 1114112K
  class space    used 972K, committed 1088K, reserved 1048576K
}
Event: 862.035 GC heap after
{Heap after GC invocations=24 (full 0):
 garbage-first heap   total reserved 2097152K, committed 133120K, used 14040K [0x0000000780000000, 0x0000000800000000)
  region size 1024K, 1 young (1024K), 1 survivors (1024K)
 Metaspace       used 8953K, committed 9216K, reserved 1114112K
  class space    used 972K, committed 1088K, reserved 1048576K
}

